# JRE version: 7.0_09-b05
# Java VM: Java HotSpot(TM) 64-Bit Server VM (23.5-b02 mixed mode bsd-amd64 compressed oops)
Heap
 PSYoungGen      total 115328K, used 28903K [0x0000000142100000, 0x000000014b5c0000, 0x000000015b5a0000)
  eden space 81664K, 10% used [0x0000000142100000,0x000000014293b690,0x00000001470c0000)
  from space 33664K, 60% used [0x00000001494e0000,0x000000014a8de940,0x000000014b5c0000)
  to   space 35328K, 0% used [0x00000001470c0000,0x00000001470c0000,0x0000000149340000)
 ParOldGen       total 102144K, used 23420K [0x000000010f7a0000, 0x0000000115b60000, 0x0000000142100000)
  object space 102144K, 22% used [0x000000010f7a0000,0x0000000110e7f1a0,0x0000000115b60000)
 PSPermGen       total 40896K, used 25196K [0x000000010a5a0000, 0x000000010cd90000, 0x000000010f7a0000)
  object space 40896K, 61% used [0x000000010a5a0000,0x000000010be3b0d8,0x000000010cd90000)
GC Heap History (10 events):
Event: 24.028 GC heap before
{Heap before GC invocations=9 (full 3):
 PSYoungGen      total 37632K, used 34432K [0x0000000142100000, 0x00000001490b0000, 0x000000015b5a0000)
  eden space 34432K, 100% used [0x0000000142100000,0x00000001442a0000,0x00000001442a0000)
  from space 3200K, 0% used [0x00000001442a0000,0x00000001442a0000,0x00000001445c0000)
  to   space 32640K, 0% used [0x00000001470d0000,0x00000001470d0000,0x00000001490b0000)
 ParOldGen       total 102144K, used 23412K [0x000000010f7a0000, 0x0000000115b60000, 0x0000000142100000)
  object space 102144K, 22% used [0x000000010f7a0000,0x0000000110e7d1a0,0x0000000115b60000)
 PSPermGen       total 40896K, used 24181K [0x000000010a5a0000, 0x000000010cd90000, 0x000000010f7a0000)
  object space 40896K, 59% used [0x000000010a5a0000,0x000000010bd3d400,0x000000010cd90000)
Event: 24.033 GC heap after
Heap after GC invocations=9 (full 3):
 PSYoungGen      total 77760K, used 7425K [0x0000000142100000, 0x0000000148c50000, 0x000000015b5a0000)
  eden space 49600K, 0% used [0x0000000142100000,0x0000000142100000,0x0000000145170000)
  from space 28160K, 26% used [0x00000001470d0000,0x0000000147810548,0x0000000148c50000)
  to   space 30144K, 0% used [0x0000000145170000,0x0000000145170000,0x0000000146ee0000)
 ParOldGen       total 102144K, used 23420K [0x000000010f7a0000, 0x0000000115b60000, 0x0000000142100000)
  object space 102144K, 22% used [0x000000010f7a0000,0x0000000110e7f1a0,0x0000000115b60000)
 PSPermGen       total 40896K, used 24181K [0x000000010a5a0000, 0x000000010cd90000, 0x000000010f7a0000)
  object space 40896K, 59% used [0x000000010a5a0000,0x000000010bd3d400,0x000000010cd90000)
}
Event: 33.330 GC heap before
{Heap before GC invocations=10 (full 3):
 PSYoungGen      total 77760K, used 56177K [0x0000000142100000, 0x0000000148c50000, 0x000000015b5a0000)
  eden space 49600K, 98% used [0x0000000142100000,0x000000014509c218,0x0000000145170000)
  from space 28160K, 26% used [0x00000001470d0000,0x0000000147810548,0x0000000148c50000)
  to   space 30144K, 0% used [0x0000000145170000,0x0000000145170000,0x0000000146ee0000)
 ParOldGen       total 102144K, used 23420K [0x000000010f7a0000, 0x0000000115b60000, 0x0000000142100000)
  object space 102144K, 22% used [0x000000010f7a0000,0x0000000110e7f1a0,0x0000000115b60000)
 PSPermGen       total 40896K, used 24222K [0x000000010a5a0000, 0x000000010cd90000, 0x000000010f7a0000)
  object space 40896K, 59% used [0x000000010a5a0000,0x000000010bd47a88,0x000000010cd90000)
Event: 33.340 GC heap after
Heap after GC invocations=10 (full 3):
 PSYoungGen      total 79744K, used 21905K [0x0000000142100000, 0x000000014a450000, 0x000000015b5a0000)
  eden space 49600K, 0% used [0x0000000142100000,0x0000000142100000,0x0000000145170000)
  from space 30144K, 72% used [0x0000000145170000,0x00000001466d44b8,0x0000000146ee0000)
  to   space 33088K, 0% used [0x0000000148400000,0x0000000148400000,0x000000014a450000)
 ParOldGen       total 102144K, used 23420K [0x000000010f7a0000, 0x0000000115b60000, 0x0000000142100000)
  object space 102144K, 22% used [0x000000010f7a0000,0x0000000110e7f1a0,0x0000000115b60000)
 PSPermGen       total 40896K, used 24222K [0x000000010a5a0000, 0x000000010cd90000, 0x000000010f7a0000)
  object space 40896K, 59% used [0x000000010a5a0000,0x000000010bd47a88,0x000000010cd90000)
}
Event: 33.694 GC heap before
{Heap before GC invocations=11 (full 3):
 PSYoungGen      total 79744K, used 68346K [0x0000000142100000, 0x000000014a450000, 0x000000015b5a0000)
  eden space 49600K, 93% used [0x0000000142100000,0x0000000144e5a5a8,0x0000000145170000)
  from space 30144K, 72% used [0x0000000145170000,0x00000001466d44b8,0x0000000146ee0000)
  to   space 33088K, 0% used [0x0000000148400000,0x0000000148400000,0x000000014a450000)
 ParOldGen       total 102144K, used 23420K [0x000000010f7a0000, 0x0000000115b60000, 0x0000000142100000)
  object space 102144K, 22% used [0x000000010f7a0000,0x0000000110e7f1a0,0x0000000115b60000)
 PSPermGen       total 40896K, used 24235K [0x000000010a5a0000, 0x000000010cd90000, 0x000000010f7a0000)
  object space 40896K, 59% used [0x000000010a5a0000,0x000000010bd4adc0,0x000000010cd90000)
Event: 33.703 GC heap after
Heap after GC invocations=11 (full 3):
 PSYoungGen      total 100352K, used 20288K [0x0000000142100000, 0x000000014a8d0000, 0x000000015b5a0000)
  eden space 67264K, 0% used [0x0000000142100000,0x0000000142100000,0x00000001462b0000)
  from space 33088K, 61% used [0x0000000148400000,0x00000001497d02e8,0x000000014a450000)
  to   space 34112K, 0% used [0x00000001462b0000,0x00000001462b0000,0x0000000148400000)
 ParOldGen       total 102144K, used 23420K [0x000000010f7a0000, 0x0000000115b60000, 0x0000000142100000)
  object space 102144K, 22% used [0x000000010f7a0000,0x0000000110e7f1a0,0x0000000115b60000)
 PSPermGen       total 40896K, used 24235K [0x000000010a5a0000, 0x000000010cd90000, 0x000000010f7a0000)
  object space 40896K, 59% used [0x000000010a5a0000,0x000000010bd4adc0,0x000000010cd90000)
}
Event: 34.440 GC heap before
{Heap before GC invocations=12 (full 3):
 PSYoungGen      total 100352K, used 84850K [0x0000000142100000, 0x000000014a8d0000, 0x000000015b5a0000)
  eden space 67264K, 95% used [0x0000000142100000,0x000000014600c530,0x00000001462b0000)
  from space 33088K, 61% used [0x0000000148400000,0x00000001497d02e8,0x000000014a450000)
  to   space 34112K, 0% used [0x00000001462b0000,0x00000001462b0000,0x0000000148400000)
 ParOldGen       total 102144K, used 23420K [0x000000010f7a0000, 0x0000000115b60000, 0x0000000142100000)
  object space 102144K, 22% used [0x000000010f7a0000,0x0000000110e7f1a0,0x0000000115b60000)
 PSPermGen       total 40896K, used 24259K [0x000000010a5a0000, 0x000000010cd90000, 0x000000010f7a0000)
  object space 40896K, 59% used [0x000000010a5a0000,0x000000010bd50e38,0x000000010cd90000)
Event: 34.448 GC heap after
Heap after GC invocations=12 (full 3):
 PSYoungGen      total 101376K, used 21095K [0x0000000142100000, 0x000000014b710000, 0x000000015b5a0000)
  eden space 67264K, 0% used [0x0000000142100000,0x0000000142100000,0x00000001462b0000)
  from space 34112K, 61% used [0x00000001462b0000,0x0000000147749d78,0x0000000148400000)
  to   space 35008K, 0% used [0x00000001494e0000,0x00000001494e0000,0x000000014b710000)
 ParOldGen       total 102144K, used 23420K [0x000000010f7a0000, 0x0000000115b60000, 0x0000000142100000)
  object space 102144K, 22% used [0x000000010f7a0000,0x0000000110e7f1a0,0x0000000115b60000)
 PSPermGen       total 40896K, used 24259K [0x000000010a5a0000, 0x000000010cd90000, 0x000000010f7a0000)
  object space 40896K, 59% used [0x000000010a5a0000,0x000000010bd50e38,0x000000010cd90000)
}
Event: 36.747 GC heap before
{Heap before GC invocations=13 (full 3):
 PSYoungGen      total 101376K, used 87985K [0x0000000142100000, 0x000000014b710000, 0x000000015b5a0000)
  eden space 67264K, 99% used [0x0000000142100000,0x00000001462529f8,0x00000001462b0000)
  from space 34112K, 61% used [0x00000001462b0000,0x0000000147749d78,0x0000000148400000)
  to   space 35008K, 0% used [0x00000001494e0000,0x00000001494e0000,0x000000014b710000)
 ParOldGen       total 102144K, used 23420K [0x000000010f7a0000, 0x0000000115b60000, 0x0000000142100000)
  object space 102144K, 22% used [0x000000010f7a0000,0x0000000110e7f1a0,0x0000000115b60000)
 PSPermGen       total 40896K, used 24287K [0x000000010a5a0000, 0x000000010cd90000, 0x000000010f7a0000)
  object space 40896K, 59% used [0x000000010a5a0000,0x000000010bd57ff0,0x000000010cd90000)
Event: 36.755 GC heap after
Heap after GC invocations=13 (full 3):
 PSYoungGen      total 115328K, used 20474K [0x0000000142100000, 0x000000014b5c0000, 0x000000015b5a0000)
  eden space 81664K, 0% used [0x0000000142100000,0x0000000142100000,0x00000001470c0000)
  from space 33664K, 60% used [0x00000001494e0000,0x000000014a8de940,0x000000014b5c0000)
  to   space 35328K, 0% used [0x00000001470c0000,0x00000001470c0000,0x0000000149340000)
 ParOldGen       total 102144K, used 23420K [0x000000010f7a0000, 0x0000000115b60000, 0x0000000142100000)
  object space 102144K, 22% used [0x000000010f7a0000,0x0000000110e7f1a0,0x0000000115b60000)
 PSPermGen       total 40896K, used 24287K [0x000000010a5a0000, 0x000000010cd90000, 0x000000010f7a0000)
  object space 40896K, 59% used [0x000000010a5a0000,0x000000010bd57ff0,0x000000010cd90000)
}

