# JRE version: 7.0_05-b06
# Java VM: Java HotSpot(TM) 64-Bit Server VM (23.1-b03 mixed mode bsd-amd64 compressed oops)
Heap
 def new generation   total 18176K, used 14374K [0x0000000113170000, 0x0000000114520000, 0x000000011b4c0000)
  eden space 16192K,  86% used [0x0000000113170000, 0x0000000113f239a8, 0x0000000114140000)
  from space 1984K,  17% used [0x0000000114140000, 0x0000000114196078, 0x0000000114330000)
  to   space 1984K,   0% used [0x0000000114330000, 0x0000000114330000, 0x0000000114520000)
 tenured generation   total 40288K, used 31122K [0x000000011b4c0000, 0x000000011dc18000, 0x000000012bb70000)
   the space 40288K,  77% used [0x000000011b4c0000, 0x000000011d324a30, 0x000000011d324c00, 0x000000011dc18000)
 compacting perm gen  total 21248K, used 20945K [0x000000012bb70000, 0x000000012d030000, 0x0000000130d70000)
   the space 21248K,  98% used [0x000000012bb70000, 0x000000012cfe4420, 0x000000012cfe4600, 0x000000012d030000)
GC Heap History (10 events):
Event: 33.208 GC heap before
{Heap before GC invocations=20 (full 5):
 def new generation   total 18176K, used 15657K [0x0000000113170000, 0x0000000114520000, 0x000000011b4c0000)
  eden space 16192K,  94% used [0x0000000113170000, 0x00000001140563d0, 0x0000000114140000)
  from space 1984K,  20% used [0x0000000114330000, 0x00000001143942f8, 0x0000000114520000)
  to   space 1984K,   0% used [0x0000000114140000, 0x0000000114140000, 0x0000000114330000)
 tenured generation   total 40288K, used 27442K [0x000000011b4c0000, 0x000000011dc18000, 0x000000012bb70000)
   the space 40288K,  68% used [0x000000011b4c0000, 0x000000011cf8c930, 0x000000011cf8ca00, 0x000000011dc18000)
 compacting perm gen  total 21248K, used 20920K [0x000000012bb70000, 0x000000012d030000, 0x0000000130d70000)
   the space 21248K,  98% used [0x000000012bb70000, 0x000000012cfde3f8, 0x000000012cfde400, 0x000000012d030000)
No shared spaces configured.
Event: 33.212 GC heap after
Heap after GC invocations=21 (full 5):
 def new generation   total 18176K, used 812K [0x0000000113170000, 0x0000000114520000, 0x000000011b4c0000)
  eden space 16192K,   0% used [0x0000000113170000, 0x0000000113170000, 0x0000000114140000)
  from space 1984K,  40% used [0x0000000114140000, 0x000000011420b048, 0x0000000114330000)
  to   space 1984K,   0% used [0x0000000114330000, 0x0000000114330000, 0x0000000114520000)
 tenured generation   total 40288K, used 31120K [0x000000011b4c0000, 0x000000011dc18000, 0x000000012bb70000)
   the space 40288K,  77% used [0x000000011b4c0000, 0x000000011d3242b0, 0x000000011d324400, 0x000000011dc18000)
 compacting perm gen  total 21248K, used 20920K [0x000000012bb70000, 0x000000012d030000, 0x0000000130d70000)
   the space 21248K,  98% used [0x000000012bb70000, 0x000000012cfde3f8, 0x000000012cfde400, 0x000000012d030000)
No shared spaces configured.
}
Event: 33.475 GC heap before
{Heap before GC invocations=21 (full 5):
 def new generation   total 18176K, used 16461K [0x0000000113170000, 0x0000000114520000, 0x000000011b4c0000)
  eden space 16192K,  96% used [0x0000000113170000, 0x00000001140b8460, 0x0000000114140000)
  from space 1984K,  40% used [0x0000000114140000, 0x000000011420b048, 0x0000000114330000)
  to   space 1984K,   0% used [0x0000000114330000, 0x0000000114330000, 0x0000000114520000)
 tenured generation   total 40288K, used 31120K [0x000000011b4c0000, 0x000000011dc18000, 0x000000012bb70000)
   the space 40288K,  77% used [0x000000011b4c0000, 0x000000011d3242b0, 0x000000011d324400, 0x000000011dc18000)
 compacting perm gen  total 21248K, used 20927K [0x000000012bb70000, 0x000000012d030000, 0x0000000130d70000)
   the space 21248K,  98% used [0x000000012bb70000, 0x000000012cfdff00, 0x000000012cfe0000, 0x000000012d030000)
No shared spaces configured.
Event: 33.478 GC heap after
Heap after GC invocations=22 (full 5):
 def new generation   total 18176K, used 1233K [0x0000000113170000, 0x0000000114520000, 0x000000011b4c0000)
  eden space 16192K,   0% used [0x0000000113170000, 0x0000000113170000, 0x0000000114140000)
  from space 1984K,  62% used [0x0000000114330000, 0x0000000114464570, 0x0000000114520000)
  to   space 1984K,   0% used [0x0000000114140000, 0x0000000114140000, 0x0000000114330000)
 tenured generation   total 40288K, used 34894K [0x000000011b4c0000, 0x000000011dc18000, 0x000000012bb70000)
   the space 40288K,  86% used [0x000000011b4c0000, 0x000000011d6d39e0, 0x000000011d6d3a00, 0x000000011dc18000)
 compacting perm gen  total 21248K, used 20927K [0x000000012bb70000, 0x000000012d030000, 0x0000000130d70000)
   the space 21248K,  98% used [0x000000012bb70000, 0x000000012cfdff00, 0x000000012cfe0000, 0x000000012d030000)
No shared spaces configured.
}
Event: 33.689 GC heap before
{Heap before GC invocations=22 (full 5):
 def new generation   total 18176K, used 17397K [0x0000000113170000, 0x0000000114520000, 0x000000011b4c0000)
  eden space 16192K,  99% used [0x0000000113170000, 0x0000000114138fa0, 0x0000000114140000)
  from space 1984K,  62% used [0x0000000114330000, 0x0000000114464570, 0x0000000114520000)
  to   space 1984K,   0% used [0x0000000114140000, 0x0000000114140000, 0x0000000114330000)
 tenured generation   total 40288K, used 34894K [0x000000011b4c0000, 0x000000011dc18000, 0x000000012bb70000)
   the space 40288K,  86% used [0x000000011b4c0000, 0x000000011d6d39e0, 0x000000011d6d3a00, 0x000000011dc18000)
 compacting perm gen  total 21248K, used 20932K [0x000000012bb70000, 0x000000012d030000, 0x0000000130d70000)
   the space 21248K,  98% used [0x000000012bb70000, 0x000000012cfe12b0, 0x000000012cfe1400, 0x000000012d030000)
No shared spaces configured.
Event: 33.692 GC heap after
Heap after GC invocations=23 (full 5):
 def new generation   total 18176K, used 1313K [0x0000000113170000, 0x0000000114520000, 0x000000011b4c0000)
  eden space 16192K,   0% used [0x0000000113170000, 0x0000000113170000, 0x0000000114140000)
  from space 1984K,  66% used [0x0000000114140000, 0x0000000114288528, 0x0000000114330000)
  to   space 1984K,   0% used [0x0000000114330000, 0x0000000114330000, 0x0000000114520000)
 tenured generation   total 40288K, used 39186K [0x000000011b4c0000, 0x000000011dc18000, 0x000000012bb70000)
   the space 40288K,  97% used [0x000000011b4c0000, 0x000000011db04928, 0x000000011db04a00, 0x000000011dc18000)
 compacting perm gen  total 21248K, used 20932K [0x000000012bb70000, 0x000000012d030000, 0x0000000130d70000)
   the space 21248K,  98% used [0x000000012bb70000, 0x000000012cfe12b0, 0x000000012cfe1400, 0x000000012d030000)
No shared spaces configured.
}
Event: 33.786 GC heap before
{Heap before GC invocations=23 (full 5):
 def new generation   total 18176K, used 13745K [0x0000000113170000, 0x0000000114520000, 0x000000011b4c0000)
  eden space 16192K,  76% used [0x0000000113170000, 0x0000000113d94098, 0x0000000114140000)
  from space 1984K,  66% used [0x0000000114140000, 0x0000000114288528, 0x0000000114330000)
  to   space 1984K,   0% used [0x0000000114330000, 0x0000000114330000, 0x0000000114520000)
 tenured generation   total 40288K, used 39186K [0x000000011b4c0000, 0x000000011dc18000, 0x000000012bb70000)
   the space 40288K,  97% used [0x000000011b4c0000, 0x000000011db04928, 0x000000011db04a00, 0x000000011dc18000)
 compacting perm gen  total 21248K, used 20933K [0x000000012bb70000, 0x000000012d030000, 0x0000000130d70000)
   the space 21248K,  98% used [0x000000012bb70000, 0x000000012cfe1620, 0x000000012cfe1800, 0x000000012d030000)
No shared spaces configured.
Event: 33.867 GC heap after
Heap after GC invocations=24 (full 6):
 def new generation   total 18176K, used 0K [0x0000000113170000, 0x0000000114520000, 0x000000011b4c0000)
  eden space 16192K,   0% used [0x0000000113170000, 0x0000000113170000, 0x0000000114140000)
  from space 1984K,   0% used [0x0000000114330000, 0x0000000114330000, 0x0000000114520000)
  to   space 1984K,   0% used [0x0000000114140000, 0x0000000114140000, 0x0000000114330000)
 tenured generation   total 40288K, used 23077K [0x000000011b4c0000, 0x000000011dc18000, 0x000000012bb70000)
   the space 40288K,  57% used [0x000000011b4c0000, 0x000000011cb495e8, 0x000000011cb49600, 0x000000011dc18000)
 compacting perm gen  total 21248K, used 20933K [0x000000012bb70000, 0x000000012d030000, 0x0000000130d70000)
   the space 21248K,  98% used [0x000000012bb70000, 0x000000012cfe1620, 0x000000012cfe1800, 0x000000012d030000)
No shared spaces configured.
}
Event: 33.970 GC heap before
{Heap before GC invocations=24 (full 6):
 def new generation   total 18176K, used 12816K [0x0000000113170000, 0x0000000114520000, 0x000000011b4c0000)
  eden space 16192K,  79% used [0x0000000113170000, 0x0000000113df4398, 0x0000000114140000)
  from space 1984K,   0% used [0x0000000114330000, 0x0000000114330000, 0x0000000114520000)
  to   space 1984K,   0% used [0x0000000114140000, 0x0000000114140000, 0x0000000114330000)
 tenured generation   total 40288K, used 23077K [0x000000011b4c0000, 0x000000011dc18000, 0x000000012bb70000)
   the space 40288K,  57% used [0x000000011b4c0000, 0x000000011cb495e8, 0x000000011cb49600, 0x000000011dc18000)
 compacting perm gen  total 21248K, used 20936K [0x000000012bb70000, 0x000000012d030000, 0x0000000130d70000)
   the space 21248K,  98% used [0x000000012bb70000, 0x000000012cfe21a8, 0x000000012cfe2200, 0x000000012d030000)
No shared spaces configured.
Event: 33.975 GC heap after
Heap after GC invocations=25 (full 6):
 def new generation   total 18176K, used 344K [0x0000000113170000, 0x0000000114520000, 0x000000011b4c0000)
  eden space 16192K,   0% used [0x0000000113170000, 0x0000000113170000, 0x0000000114140000)
  from space 1984K,  17% used [0x0000000114140000, 0x0000000114196078, 0x0000000114330000)
  to   space 1984K,   0% used [0x0000000114330000, 0x0000000114330000, 0x0000000114520000)
 tenured generation   total 40288K, used 31122K [0x000000011b4c0000, 0x000000011dc18000, 0x000000012bb70000)
   the space 40288K,  77% used [0x000000011b4c0000, 0x000000011d324a30, 0x000000011d324c00, 0x000000011dc18000)
 compacting perm gen  total 21248K, used 20936K [0x000000012bb70000, 0x000000012d030000, 0x0000000130d70000)
   the space 21248K,  98% used [0x000000012bb70000, 0x000000012cfe21a8, 0x000000012cfe2200, 0x000000012d030000)
No shared spaces configured.
}

